[2025-03-16 03:42:01Z INFO HostContext] No proxy settings were found based on environmental variables (http_proxy/https_proxy/HTTP_PROXY/HTTPS_PROXY)
[2025-03-16 03:42:01Z INFO HostContext] Well known directory 'Bin': '/home/cce29555/actions-runner/actions-runner/bin'
[2025-03-16 03:42:01Z INFO HostContext] Well known directory 'Root': '/home/cce29555/actions-runner/actions-runner'
[2025-03-16 03:42:01Z INFO HostContext] Well known config file 'Credentials': '/home/cce29555/actions-runner/actions-runner/.credentials'
[2025-03-16 03:42:01Z INFO HostContext] Well known directory 'Bin': '/home/cce29555/actions-runner/actions-runner/bin'
[2025-03-16 03:42:01Z INFO HostContext] Well known directory 'Root': '/home/cce29555/actions-runner/actions-runner'
[2025-03-16 03:42:01Z INFO HostContext] Well known config file 'Runner': '/home/cce29555/actions-runner/actions-runner/.runner'
[2025-03-16 03:42:01Z INFO Listener] Runner is built for Linux (Arm64) - linux-arm64.
[2025-03-16 03:42:01Z INFO Listener] RuntimeInformation: Linux 6.6.51+rpt-rpi-v8 #1 SMP PREEMPT Debian 1:6.6.51-1+rpt3 (2024-10-08).
[2025-03-16 03:42:01Z INFO Listener] Version: 2.320.1
[2025-03-16 03:42:01Z INFO Listener] Commit: 8f4aa897bdc1d97e101bb42ea776a62cd31ef5b3
[2025-03-16 03:42:01Z INFO Listener] Culture: en-GB
[2025-03-16 03:42:01Z INFO Listener] UI Culture: en-GB
[2025-03-16 03:42:01Z INFO HostContext] Well known directory 'Bin': '/home/cce29555/actions-runner/actions-runner/bin'
[2025-03-16 03:42:01Z INFO HostContext] Well known directory 'Root': '/home/cce29555/actions-runner/actions-runner'
[2025-03-16 03:42:01Z INFO Listener] Validating directory permissions for: '/home/cce29555/actions-runner/actions-runner'
[2025-03-16 03:42:01Z INFO CommandLineParser] Parse
[2025-03-16 03:42:01Z INFO CommandLineParser] Parsing 1 args
[2025-03-16 03:42:01Z INFO CommandLineParser] parsing argument
[2025-03-16 03:42:01Z INFO CommandLineParser] HasArgs: False
[2025-03-16 03:42:01Z INFO CommandLineParser] Adding Command: run
[2025-03-16 03:42:01Z INFO Listener] Arguments parsed
[2025-03-16 03:42:02Z INFO Runner] ExecuteCommand
[2025-03-16 03:42:02Z INFO ConfigurationStore] currentAssemblyLocation: /home/cce29555/actions-runner/actions-runner/bin/Runner.Listener.dll
[2025-03-16 03:42:02Z INFO HostContext] Well known directory 'Bin': '/home/cce29555/actions-runner/actions-runner/bin'
[2025-03-16 03:42:02Z INFO ConfigurationStore] binPath: /home/cce29555/actions-runner/actions-runner/bin
[2025-03-16 03:42:02Z INFO HostContext] Well known directory 'Bin': '/home/cce29555/actions-runner/actions-runner/bin'
[2025-03-16 03:42:02Z INFO HostContext] Well known directory 'Root': '/home/cce29555/actions-runner/actions-runner'
[2025-03-16 03:42:02Z INFO ConfigurationStore] RootFolder: /home/cce29555/actions-runner/actions-runner
[2025-03-16 03:42:02Z INFO HostContext] Well known directory 'Bin': '/home/cce29555/actions-runner/actions-runner/bin'
[2025-03-16 03:42:02Z INFO HostContext] Well known directory 'Root': '/home/cce29555/actions-runner/actions-runner'
[2025-03-16 03:42:02Z INFO HostContext] Well known config file 'Runner': '/home/cce29555/actions-runner/actions-runner/.runner'
[2025-03-16 03:42:02Z INFO ConfigurationStore] ConfigFilePath: /home/cce29555/actions-runner/actions-runner/.runner
[2025-03-16 03:42:02Z INFO HostContext] Well known directory 'Bin': '/home/cce29555/actions-runner/actions-runner/bin'
[2025-03-16 03:42:02Z INFO HostContext] Well known directory 'Root': '/home/cce29555/actions-runner/actions-runner'
[2025-03-16 03:42:02Z INFO HostContext] Well known config file 'Credentials': '/home/cce29555/actions-runner/actions-runner/.credentials'
[2025-03-16 03:42:02Z INFO ConfigurationStore] CredFilePath: /home/cce29555/actions-runner/actions-runner/.credentials
[2025-03-16 03:42:02Z INFO HostContext] Well known directory 'Bin': '/home/cce29555/actions-runner/actions-runner/bin'
[2025-03-16 03:42:02Z INFO HostContext] Well known directory 'Root': '/home/cce29555/actions-runner/actions-runner'
[2025-03-16 03:42:02Z INFO HostContext] Well known config file 'MigratedCredentials': '/home/cce29555/actions-runner/actions-runner/.credentials_migrated'
[2025-03-16 03:42:02Z INFO ConfigurationStore] MigratedCredFilePath: /home/cce29555/actions-runner/actions-runner/.credentials_migrated
[2025-03-16 03:42:02Z INFO HostContext] Well known directory 'Bin': '/home/cce29555/actions-runner/actions-runner/bin'
[2025-03-16 03:42:02Z INFO HostContext] Well known directory 'Root': '/home/cce29555/actions-runner/actions-runner'
[2025-03-16 03:42:02Z INFO HostContext] Well known config file 'Service': '/home/cce29555/actions-runner/actions-runner/.service'
[2025-03-16 03:42:02Z INFO ConfigurationStore] ServiceConfigFilePath: /home/cce29555/actions-runner/actions-runner/.service
[2025-03-16 03:42:02Z INFO CommandSettings] Flag 'help': 'False'
[2025-03-16 03:42:02Z INFO CommandSettings] Flag 'version': 'False'
[2025-03-16 03:42:02Z INFO CommandSettings] Flag 'commit': 'False'
[2025-03-16 03:42:02Z INFO CommandSettings] Flag 'check': 'False'
[2025-03-16 03:42:02Z INFO CommandSettings] Command 'configure': 'False'
[2025-03-16 03:42:02Z INFO CommandSettings] Command 'remove': 'False'
[2025-03-16 03:42:02Z INFO CommandSettings] Command 'warmup': 'False'
[2025-03-16 03:42:02Z INFO ConfigurationManager] LoadSettings
[2025-03-16 03:42:02Z INFO ConfigurationStore] IsConfigured()
[2025-03-16 03:42:02Z INFO ConfigurationStore] IsConfigured: True
[2025-03-16 03:42:02Z INFO ConfigurationManager] Is configured: True
[2025-03-16 03:42:02Z INFO ConfigurationStore] Read setting file: 306 chars
[2025-03-16 03:42:02Z INFO ConfigurationManager] Settings Loaded
[2025-03-16 03:42:02Z INFO ConfigurationStore] IsServiceConfigured()
[2025-03-16 03:42:02Z INFO ConfigurationStore] IsServiceConfigured: False
[2025-03-16 03:42:02Z INFO CommandSettings] Command 'run': 'True'
[2025-03-16 03:42:02Z INFO ConfigurationStore] IsConfigured()
[2025-03-16 03:42:02Z INFO ConfigurationStore] IsConfigured: True
[2025-03-16 03:42:02Z INFO ConfigurationManager] Is configured: True
[2025-03-16 03:42:02Z INFO Runner] Could not parse the argument value '' for StartupType. Defaulting to Manual
[2025-03-16 03:42:02Z INFO Runner] Set runner startup type - Manual
[2025-03-16 03:42:02Z INFO CommandSettings] Flag 'once': 'False'
[2025-03-16 03:42:02Z INFO CommandSettings] Flag 'once': 'False'
[2025-03-16 03:42:02Z INFO Runner] RunAsync
[2025-03-16 03:42:02Z INFO ConfigurationManager] LoadSettings
[2025-03-16 03:42:02Z INFO ConfigurationStore] IsConfigured()
[2025-03-16 03:42:02Z INFO ConfigurationStore] IsConfigured: True
[2025-03-16 03:42:02Z INFO ConfigurationManager] Is configured: True
[2025-03-16 03:42:02Z INFO ConfigurationManager] Settings Loaded
[2025-03-16 03:42:02Z INFO MessageListener] {
  "AgentId": 2,
  "AgentName": "raspberrypi",
  "PoolId": 1,
  "PoolName": "Default",
  "ServerUrl": "https://pipelinesghubeus11.actions.githubusercontent.com/OVdFnfIwP5MicQp7kwLnloDDpr81JI5T9fNO8fwnAgAFqW3pUY/",
  "GitHubUrl": "https://github.com/cce2955/rpi-terraform-deploy",
  "WorkFolder": "_work"
}
[2025-03-16 03:42:02Z INFO MessageListener] Loading Credentials
[2025-03-16 03:42:02Z INFO ConfigurationStore] HasCredentials()
[2025-03-16 03:42:02Z INFO ConfigurationStore] stored True
[2025-03-16 03:42:02Z INFO CredentialManager] GetCredentialProvider
[2025-03-16 03:42:02Z INFO CredentialManager] Creating type OAuth
[2025-03-16 03:42:02Z INFO CredentialManager] Creating credential type: OAuth
[2025-03-16 03:42:02Z INFO HostContext] Well known directory 'Bin': '/home/cce29555/actions-runner/actions-runner/bin'
[2025-03-16 03:42:02Z INFO HostContext] Well known directory 'Root': '/home/cce29555/actions-runner/actions-runner'
[2025-03-16 03:42:02Z INFO HostContext] Well known config file 'RSACredentials': '/home/cce29555/actions-runner/actions-runner/.credentials_rsaparams'
[2025-03-16 03:42:02Z INFO RSAFileKeyManager] Loading RSA key parameters from file /home/cce29555/actions-runner/actions-runner/.credentials_rsaparams
[2025-03-16 03:42:02Z INFO MessageListener] Attempt to create session.
[2025-03-16 03:42:02Z INFO MessageListener] Connecting to the Runner Server...
[2025-03-16 03:42:02Z INFO RunnerServer] EstablishVssConnection
[2025-03-16 03:42:02Z INFO RunnerServer] Establish connection with 100 seconds timeout.
[2025-03-16 03:42:02Z INFO GitHubActionsService] Starting operation Location.GetConnectionData
[2025-03-16 03:42:03Z INFO RunnerServer] EstablishVssConnection
[2025-03-16 03:42:03Z INFO RunnerServer] Establish connection with 60 seconds timeout.
[2025-03-16 03:42:03Z INFO GitHubActionsService] Starting operation Location.GetConnectionData
[2025-03-16 03:42:03Z INFO RunnerServer] EstablishVssConnection
[2025-03-16 03:42:03Z INFO RunnerServer] Establish connection with 60 seconds timeout.
[2025-03-16 03:42:03Z INFO GitHubActionsService] Starting operation Location.GetConnectionData
[2025-03-16 03:42:04Z INFO GitHubActionsService] Finished operation Location.GetConnectionData
[2025-03-16 03:42:04Z INFO GitHubActionsService] Finished operation Location.GetConnectionData
[2025-03-16 03:42:05Z INFO GitHubActionsService] Finished operation Location.GetConnectionData
[2025-03-16 03:42:05Z INFO MessageListener] VssConnection created
[2025-03-16 03:42:05Z INFO Terminal] WRITE LINE: 
[2025-03-16 03:42:05Z INFO Terminal] WRITE LINE: 
[2025-03-16 03:42:05Z INFO RSAFileKeyManager] Loading RSA key parameters from file /home/cce29555/actions-runner/actions-runner/.credentials_rsaparams
[2025-03-16 03:42:05Z INFO RSAFileKeyManager] Loading RSA key parameters from file /home/cce29555/actions-runner/actions-runner/.credentials_rsaparams
[2025-03-16 03:42:06Z INFO GitHubActionsService] AAD Correlation ID for this token request: Unknown
[2025-03-16 03:42:06Z INFO MessageListener] Session created.
[2025-03-16 03:42:06Z INFO Terminal] WRITE LINE: Current runner version: '2.320.1'
[2025-03-16 03:42:06Z INFO Terminal] WRITE LINE: 2025-03-16 03:42:06Z: Listening for Jobs
[2025-03-16 03:42:06Z INFO JobDispatcher] Set runner/worker IPC timeout to 30 seconds.
[2025-03-16 03:42:06Z INFO MessageListener] BrokerMigration message received. Polling Broker for messages...
[2025-03-16 03:42:06Z INFO RSAFileKeyManager] Loading RSA key parameters from file /home/cce29555/actions-runner/actions-runner/.credentials_rsaparams
[2025-03-16 03:42:07Z INFO GitHubActionsService] AAD Correlation ID for this token request: Unknown
[2025-03-16 03:42:16Z INFO Terminal] WRITE LINE: Exiting...
[2025-03-16 03:42:16Z INFO ConfigurationStore] IsServiceConfigured()
[2025-03-16 03:42:16Z INFO ConfigurationStore] IsServiceConfigured: False
[2025-03-16 03:42:16Z INFO HostContext] Runner will be shutdown for UserCancelled
[2025-03-16 03:42:16Z WARN GitHubActionsService] GET request to https://broker.actions.githubusercontent.com/message?sessionId=0c70c4af-e53f-49cd-aeca-314d1dcc1d87&status=Online&runnerVersion=2.320.1&os=Linux&architecture=ARM64&disableUpdate=false has been cancelled.
[2025-03-16 03:42:16Z ERR  BrokerServer] Catch exception during request
[2025-03-16 03:42:16Z ERR  BrokerServer] System.Threading.Tasks.TaskCanceledException: The operation was canceled.
 ---> System.IO.IOException: Unable to read data from the transport connection: Operation canceled.
 ---> System.Net.Sockets.SocketException (125): Operation canceled
   --- End of inner exception stack trace ---
   at System.Net.Sockets.Socket.AwaitableSocketAsyncEventArgs.ThrowException(SocketError error, CancellationToken cancellationToken)
   at System.Net.Sockets.Socket.AwaitableSocketAsyncEventArgs.System.Threading.Tasks.Sources.IValueTaskSource<System.Int32>.GetResult(Int16 token)
   at System.Net.Security.SslStream.EnsureFullTlsFrameAsync[TIOAdapter](TIOAdapter adapter)
   at System.Net.Security.SslStream.ReadAsyncInternal[TIOAdapter](TIOAdapter adapter, Memory`1 buffer)
   at System.Net.Http.HttpConnection.InitialFillAsync(Boolean async)
   at System.Net.Http.HttpConnection.SendAsyncCore(HttpRequestMessage request, Boolean async, CancellationToken cancellationToken)
   --- End of inner exception stack trace ---
   at System.Net.Http.HttpClient.HandleFailure(Exception e, Boolean telemetryStarted, HttpResponseMessage response, CancellationTokenSource cts, CancellationToken cancellationToken, CancellationTokenSource pendingRequestsCts)
   at System.Net.Http.HttpClient.<SendAsync>g__Core|83_0(HttpRequestMessage request, HttpCompletionOption completionOption, CancellationTokenSource cts, Boolean disposeCts, CancellationTokenSource pendingRequestsCts, CancellationToken originalCancellationToken)
   at Sdk.WebApi.WebApi.RawHttpClientBase.SendAsync(HttpRequestMessage message, HttpCompletionOption completionOption, Object userState, CancellationToken cancellationToken)
   at Sdk.WebApi.WebApi.RawHttpClientBase.SendAsync[T](HttpRequestMessage message, Boolean readErrorBody, Object userState, CancellationToken cancellationToken)
   at Sdk.WebApi.WebApi.RawHttpClientBase.SendAsync[T](HttpMethod method, IEnumerable`1 additionalHeaders, Uri requestUri, HttpContent content, IEnumerable`1 queryParameters, Boolean readErrorBody, Object userState, CancellationToken cancellationToken)
   at GitHub.Actions.RunService.WebApi.BrokerHttpClient.GetRunnerMessageAsync(Nullable`1 sessionId, String runnerVersion, Nullable`1 status, String os, String architecture, Nullable`1 disableUpdate, CancellationToken cancellationToken)
   at GitHub.Runner.Common.BrokerServer.<>c__DisplayClass7_0.<<GetRunnerMessageAsync>b__0>d.MoveNext()
--- End of stack trace from previous location ---
   at GitHub.Runner.Common.RunnerService.RetryRequest[T](Func`1 func, CancellationToken cancellationToken, Int32 maxRetryAttemptsCount, Func`2 shouldRetry)
[2025-03-16 03:42:16Z ERR  BrokerServer] #####################################################
[2025-03-16 03:42:16Z ERR  BrokerServer] System.IO.IOException: Unable to read data from the transport connection: Operation canceled.
 ---> System.Net.Sockets.SocketException (125): Operation canceled
   --- End of inner exception stack trace ---
   at System.Net.Sockets.Socket.AwaitableSocketAsyncEventArgs.ThrowException(SocketError error, CancellationToken cancellationToken)
   at System.Net.Sockets.Socket.AwaitableSocketAsyncEventArgs.System.Threading.Tasks.Sources.IValueTaskSource<System.Int32>.GetResult(Int16 token)
   at System.Net.Security.SslStream.EnsureFullTlsFrameAsync[TIOAdapter](TIOAdapter adapter)
   at System.Net.Security.SslStream.ReadAsyncInternal[TIOAdapter](TIOAdapter adapter, Memory`1 buffer)
   at System.Net.Http.HttpConnection.InitialFillAsync(Boolean async)
   at System.Net.Http.HttpConnection.SendAsyncCore(HttpRequestMessage request, Boolean async, CancellationToken cancellationToken)
[2025-03-16 03:42:16Z ERR  BrokerServer] #####################################################
[2025-03-16 03:42:16Z ERR  BrokerServer] System.Net.Sockets.SocketException (125): Operation canceled
[2025-03-16 03:42:16Z WARN BrokerServer] Back off 8.875 seconds before next retry. 4 attempt left.
[2025-03-16 03:42:16Z INFO MessageListener] Get next message has been cancelled.
[2025-03-16 03:42:16Z INFO JobDispatcher] Shutting down JobDispatcher. Make sure all WorkerDispatcher has finished.
[2025-03-16 03:42:16Z INFO Runner] Deleting Runner Session...
[2025-03-16 03:42:16Z INFO Listener] Runner execution been cancelled.
