[2025-03-16 03:56:55Z INFO HostContext] No proxy settings were found based on environmental variables (http_proxy/https_proxy/HTTP_PROXY/HTTPS_PROXY)
[2025-03-16 03:56:55Z INFO HostContext] Well known directory 'Bin': '/home/cce29555/actions-runner/actions-runner/bin'
[2025-03-16 03:56:55Z INFO HostContext] Well known directory 'Root': '/home/cce29555/actions-runner/actions-runner'
[2025-03-16 03:56:55Z INFO HostContext] Well known config file 'Credentials': '/home/cce29555/actions-runner/actions-runner/.credentials'
[2025-03-16 03:56:56Z INFO HostContext] Well known directory 'Bin': '/home/cce29555/actions-runner/actions-runner/bin'
[2025-03-16 03:56:56Z INFO HostContext] Well known directory 'Root': '/home/cce29555/actions-runner/actions-runner'
[2025-03-16 03:56:56Z INFO HostContext] Well known config file 'Runner': '/home/cce29555/actions-runner/actions-runner/.runner'
[2025-03-16 03:56:56Z INFO Listener] Runner is built for Linux (Arm64) - linux-arm64.
[2025-03-16 03:56:56Z INFO Listener] RuntimeInformation: Linux 6.6.51+rpt-rpi-v8 #1 SMP PREEMPT Debian 1:6.6.51-1+rpt3 (2024-10-08).
[2025-03-16 03:56:56Z INFO Listener] Version: 2.320.1
[2025-03-16 03:56:56Z INFO Listener] Commit: 8f4aa897bdc1d97e101bb42ea776a62cd31ef5b3
[2025-03-16 03:56:56Z INFO Listener] Culture: en-GB
[2025-03-16 03:56:56Z INFO Listener] UI Culture: en-GB
[2025-03-16 03:56:56Z INFO HostContext] Well known directory 'Bin': '/home/cce29555/actions-runner/actions-runner/bin'
[2025-03-16 03:56:56Z INFO HostContext] Well known directory 'Root': '/home/cce29555/actions-runner/actions-runner'
[2025-03-16 03:56:56Z INFO Listener] Validating directory permissions for: '/home/cce29555/actions-runner/actions-runner'
[2025-03-16 03:56:56Z INFO CommandLineParser] Parse
[2025-03-16 03:56:56Z INFO CommandLineParser] Parsing 1 args
[2025-03-16 03:56:56Z INFO CommandLineParser] parsing argument
[2025-03-16 03:56:56Z INFO CommandLineParser] HasArgs: False
[2025-03-16 03:56:56Z INFO CommandLineParser] Adding Command: run
[2025-03-16 03:56:56Z INFO Listener] Arguments parsed
[2025-03-16 03:56:56Z INFO Runner] ExecuteCommand
[2025-03-16 03:56:56Z INFO ConfigurationStore] currentAssemblyLocation: /home/cce29555/actions-runner/actions-runner/bin/Runner.Listener.dll
[2025-03-16 03:56:56Z INFO HostContext] Well known directory 'Bin': '/home/cce29555/actions-runner/actions-runner/bin'
[2025-03-16 03:56:56Z INFO ConfigurationStore] binPath: /home/cce29555/actions-runner/actions-runner/bin
[2025-03-16 03:56:56Z INFO HostContext] Well known directory 'Bin': '/home/cce29555/actions-runner/actions-runner/bin'
[2025-03-16 03:56:56Z INFO HostContext] Well known directory 'Root': '/home/cce29555/actions-runner/actions-runner'
[2025-03-16 03:56:56Z INFO ConfigurationStore] RootFolder: /home/cce29555/actions-runner/actions-runner
[2025-03-16 03:56:56Z INFO HostContext] Well known directory 'Bin': '/home/cce29555/actions-runner/actions-runner/bin'
[2025-03-16 03:56:56Z INFO HostContext] Well known directory 'Root': '/home/cce29555/actions-runner/actions-runner'
[2025-03-16 03:56:56Z INFO HostContext] Well known config file 'Runner': '/home/cce29555/actions-runner/actions-runner/.runner'
[2025-03-16 03:56:56Z INFO ConfigurationStore] ConfigFilePath: /home/cce29555/actions-runner/actions-runner/.runner
[2025-03-16 03:56:56Z INFO HostContext] Well known directory 'Bin': '/home/cce29555/actions-runner/actions-runner/bin'
[2025-03-16 03:56:56Z INFO HostContext] Well known directory 'Root': '/home/cce29555/actions-runner/actions-runner'
[2025-03-16 03:56:56Z INFO HostContext] Well known config file 'Credentials': '/home/cce29555/actions-runner/actions-runner/.credentials'
[2025-03-16 03:56:56Z INFO ConfigurationStore] CredFilePath: /home/cce29555/actions-runner/actions-runner/.credentials
[2025-03-16 03:56:56Z INFO HostContext] Well known directory 'Bin': '/home/cce29555/actions-runner/actions-runner/bin'
[2025-03-16 03:56:56Z INFO HostContext] Well known directory 'Root': '/home/cce29555/actions-runner/actions-runner'
[2025-03-16 03:56:56Z INFO HostContext] Well known config file 'MigratedCredentials': '/home/cce29555/actions-runner/actions-runner/.credentials_migrated'
[2025-03-16 03:56:56Z INFO ConfigurationStore] MigratedCredFilePath: /home/cce29555/actions-runner/actions-runner/.credentials_migrated
[2025-03-16 03:56:56Z INFO HostContext] Well known directory 'Bin': '/home/cce29555/actions-runner/actions-runner/bin'
[2025-03-16 03:56:56Z INFO HostContext] Well known directory 'Root': '/home/cce29555/actions-runner/actions-runner'
[2025-03-16 03:56:56Z INFO HostContext] Well known config file 'Service': '/home/cce29555/actions-runner/actions-runner/.service'
[2025-03-16 03:56:56Z INFO ConfigurationStore] ServiceConfigFilePath: /home/cce29555/actions-runner/actions-runner/.service
[2025-03-16 03:56:56Z INFO CommandSettings] Flag 'help': 'False'
[2025-03-16 03:56:56Z INFO CommandSettings] Flag 'version': 'False'
[2025-03-16 03:56:56Z INFO CommandSettings] Flag 'commit': 'False'
[2025-03-16 03:56:56Z INFO CommandSettings] Flag 'check': 'False'
[2025-03-16 03:56:56Z INFO CommandSettings] Command 'configure': 'False'
[2025-03-16 03:56:56Z INFO CommandSettings] Command 'remove': 'False'
[2025-03-16 03:56:56Z INFO CommandSettings] Command 'warmup': 'False'
[2025-03-16 03:56:56Z INFO ConfigurationManager] LoadSettings
[2025-03-16 03:56:56Z INFO ConfigurationStore] IsConfigured()
[2025-03-16 03:56:56Z INFO ConfigurationStore] IsConfigured: True
[2025-03-16 03:56:56Z INFO ConfigurationManager] Is configured: True
[2025-03-16 03:56:56Z INFO ConfigurationStore] Read setting file: 306 chars
[2025-03-16 03:56:56Z INFO ConfigurationManager] Settings Loaded
[2025-03-16 03:56:56Z INFO ConfigurationStore] IsServiceConfigured()
[2025-03-16 03:56:56Z INFO ConfigurationStore] IsServiceConfigured: False
[2025-03-16 03:56:56Z INFO CommandSettings] Command 'run': 'True'
[2025-03-16 03:56:56Z INFO ConfigurationStore] IsConfigured()
[2025-03-16 03:56:56Z INFO ConfigurationStore] IsConfigured: True
[2025-03-16 03:56:56Z INFO ConfigurationManager] Is configured: True
[2025-03-16 03:56:56Z INFO Runner] Could not parse the argument value '' for StartupType. Defaulting to Manual
[2025-03-16 03:56:56Z INFO Runner] Set runner startup type - Manual
[2025-03-16 03:56:56Z INFO CommandSettings] Flag 'once': 'False'
[2025-03-16 03:56:56Z INFO CommandSettings] Flag 'once': 'False'
[2025-03-16 03:56:56Z INFO Runner] RunAsync
[2025-03-16 03:56:56Z INFO ConfigurationManager] LoadSettings
[2025-03-16 03:56:56Z INFO ConfigurationStore] IsConfigured()
[2025-03-16 03:56:56Z INFO ConfigurationStore] IsConfigured: True
[2025-03-16 03:56:56Z INFO ConfigurationManager] Is configured: True
[2025-03-16 03:56:56Z INFO ConfigurationManager] Settings Loaded
[2025-03-16 03:56:56Z INFO MessageListener] {
  "AgentId": 2,
  "AgentName": "raspberrypi",
  "PoolId": 1,
  "PoolName": "Default",
  "ServerUrl": "https://pipelinesghubeus11.actions.githubusercontent.com/OVdFnfIwP5MicQp7kwLnloDDpr81JI5T9fNO8fwnAgAFqW3pUY/",
  "GitHubUrl": "https://github.com/cce2955/rpi-terraform-deploy",
  "WorkFolder": "_work"
}
[2025-03-16 03:56:56Z INFO MessageListener] Loading Credentials
[2025-03-16 03:56:56Z INFO ConfigurationStore] HasCredentials()
[2025-03-16 03:56:56Z INFO ConfigurationStore] stored True
[2025-03-16 03:56:56Z INFO CredentialManager] GetCredentialProvider
[2025-03-16 03:56:56Z INFO CredentialManager] Creating type OAuth
[2025-03-16 03:56:56Z INFO CredentialManager] Creating credential type: OAuth
[2025-03-16 03:56:56Z INFO HostContext] Well known directory 'Bin': '/home/cce29555/actions-runner/actions-runner/bin'
[2025-03-16 03:56:56Z INFO HostContext] Well known directory 'Root': '/home/cce29555/actions-runner/actions-runner'
[2025-03-16 03:56:56Z INFO HostContext] Well known config file 'RSACredentials': '/home/cce29555/actions-runner/actions-runner/.credentials_rsaparams'
[2025-03-16 03:56:56Z INFO RSAFileKeyManager] Loading RSA key parameters from file /home/cce29555/actions-runner/actions-runner/.credentials_rsaparams
[2025-03-16 03:56:57Z INFO MessageListener] Attempt to create session.
[2025-03-16 03:56:57Z INFO MessageListener] Connecting to the Runner Server...
[2025-03-16 03:56:57Z INFO RunnerServer] EstablishVssConnection
[2025-03-16 03:56:57Z INFO RunnerServer] Establish connection with 100 seconds timeout.
[2025-03-16 03:56:57Z INFO GitHubActionsService] Starting operation Location.GetConnectionData
[2025-03-16 03:56:57Z INFO RunnerServer] EstablishVssConnection
[2025-03-16 03:56:57Z INFO RunnerServer] Establish connection with 60 seconds timeout.
[2025-03-16 03:56:57Z INFO GitHubActionsService] Starting operation Location.GetConnectionData
[2025-03-16 03:56:57Z INFO RunnerServer] EstablishVssConnection
[2025-03-16 03:56:57Z INFO RunnerServer] Establish connection with 60 seconds timeout.
[2025-03-16 03:56:57Z INFO GitHubActionsService] Starting operation Location.GetConnectionData
[2025-03-16 03:56:58Z INFO GitHubActionsService] Finished operation Location.GetConnectionData
[2025-03-16 03:56:59Z INFO GitHubActionsService] Finished operation Location.GetConnectionData
[2025-03-16 03:56:59Z INFO GitHubActionsService] Finished operation Location.GetConnectionData
[2025-03-16 03:57:00Z INFO MessageListener] VssConnection created
[2025-03-16 03:57:00Z INFO Terminal] WRITE LINE: 
[2025-03-16 03:57:00Z INFO Terminal] WRITE LINE: 
[2025-03-16 03:57:00Z INFO RSAFileKeyManager] Loading RSA key parameters from file /home/cce29555/actions-runner/actions-runner/.credentials_rsaparams
[2025-03-16 03:57:01Z INFO RSAFileKeyManager] Loading RSA key parameters from file /home/cce29555/actions-runner/actions-runner/.credentials_rsaparams
[2025-03-16 03:57:01Z INFO GitHubActionsService] AAD Correlation ID for this token request: Unknown
[2025-03-16 03:57:01Z INFO MessageListener] Session created.
[2025-03-16 03:57:01Z INFO Terminal] WRITE LINE: Current runner version: '2.320.1'
[2025-03-16 03:57:01Z INFO Terminal] WRITE LINE: 2025-03-16 03:57:01Z: Listening for Jobs
[2025-03-16 03:57:01Z INFO JobDispatcher] Set runner/worker IPC timeout to 30 seconds.
[2025-03-16 03:57:02Z INFO MessageListener] BrokerMigration message received. Polling Broker for messages...
[2025-03-16 03:57:02Z INFO RSAFileKeyManager] Loading RSA key parameters from file /home/cce29555/actions-runner/actions-runner/.credentials_rsaparams
[2025-03-16 03:57:02Z INFO GitHubActionsService] AAD Correlation ID for this token request: Unknown
[2025-03-16 03:57:02Z INFO MessageListener] Message '8975937529489297440' received from session '041de7bc-0d27-4ac4-a079-a011e8c07b11'.
[2025-03-16 03:57:02Z INFO ConfigurationStore] HasCredentials()
[2025-03-16 03:57:02Z INFO ConfigurationStore] stored True
[2025-03-16 03:57:02Z INFO CredentialManager] GetCredentialProvider
[2025-03-16 03:57:02Z INFO CredentialManager] Creating type OAuth
[2025-03-16 03:57:02Z INFO CredentialManager] Creating credential type: OAuth
[2025-03-16 03:57:02Z INFO RSAFileKeyManager] Loading RSA key parameters from file /home/cce29555/actions-runner/actions-runner/.credentials_rsaparams
[2025-03-16 03:57:03Z INFO RSAFileKeyManager] Loading RSA key parameters from file /home/cce29555/actions-runner/actions-runner/.credentials_rsaparams
[2025-03-16 03:57:03Z INFO RSAFileKeyManager] Loading RSA key parameters from file /home/cce29555/actions-runner/actions-runner/.credentials_rsaparams
[2025-03-16 03:57:04Z INFO GitHubActionsService] AAD Correlation ID for this token request: Unknown
[2025-03-16 03:57:04Z ERR  GitHubActionsService] POST request to https://run-actions-3-azure-eastus.actions.githubusercontent.com/22/acquirejob failed. HTTP Status: Conflict
[2025-03-16 03:57:04Z INFO Runner] Skipping message Job. Job message already acquired 'e564c108-66f6-564e-99be-81abc5c29b8e'. job assignment is invalid: MissingKey
[2025-03-16 03:57:05Z INFO MessageListener] BrokerMigration message received. Polling Broker for messages...
[2025-03-16 03:57:05Z INFO MessageListener] Message '3489823477774780451' received from session '041de7bc-0d27-4ac4-a079-a011e8c07b11'.
[2025-03-16 03:57:05Z INFO ConfigurationStore] HasCredentials()
[2025-03-16 03:57:05Z INFO ConfigurationStore] stored True
[2025-03-16 03:57:05Z INFO CredentialManager] GetCredentialProvider
[2025-03-16 03:57:05Z INFO CredentialManager] Creating type OAuth
[2025-03-16 03:57:05Z INFO CredentialManager] Creating credential type: OAuth
[2025-03-16 03:57:05Z INFO RSAFileKeyManager] Loading RSA key parameters from file /home/cce29555/actions-runner/actions-runner/.credentials_rsaparams
[2025-03-16 03:57:05Z INFO RSAFileKeyManager] Loading RSA key parameters from file /home/cce29555/actions-runner/actions-runner/.credentials_rsaparams
[2025-03-16 03:57:06Z INFO RSAFileKeyManager] Loading RSA key parameters from file /home/cce29555/actions-runner/actions-runner/.credentials_rsaparams
[2025-03-16 03:57:06Z INFO GitHubActionsService] AAD Correlation ID for this token request: Unknown
[2025-03-16 03:57:06Z ERR  GitHubActionsService] POST request to https://run-actions-3-azure-eastus.actions.githubusercontent.com/22/acquirejob failed. HTTP Status: Conflict
[2025-03-16 03:57:06Z INFO Runner] Skipping message Job. Job message already acquired 'ab9b7793-7c95-53c4-9c26-c2e6fab4fcf3'. job assignment is invalid: MissingKey
[2025-03-16 03:57:06Z WARN ErrorThrottler] Back off 1 seconds before next attempt. Current consecutive error count: 2
[2025-03-16 03:57:09Z INFO MessageListener] BrokerMigration message received. Polling Broker for messages...
[2025-03-16 03:57:14Z INFO MessageListener] Message '3785471658136247133' received from session '041de7bc-0d27-4ac4-a079-a011e8c07b11'.
[2025-03-16 03:57:14Z INFO ConfigurationStore] HasCredentials()
[2025-03-16 03:57:14Z INFO ConfigurationStore] stored True
[2025-03-16 03:57:14Z INFO CredentialManager] GetCredentialProvider
[2025-03-16 03:57:14Z INFO CredentialManager] Creating type OAuth
[2025-03-16 03:57:14Z INFO CredentialManager] Creating credential type: OAuth
[2025-03-16 03:57:14Z INFO RSAFileKeyManager] Loading RSA key parameters from file /home/cce29555/actions-runner/actions-runner/.credentials_rsaparams
[2025-03-16 03:57:14Z INFO RSAFileKeyManager] Loading RSA key parameters from file /home/cce29555/actions-runner/actions-runner/.credentials_rsaparams
[2025-03-16 03:57:14Z INFO RSAFileKeyManager] Loading RSA key parameters from file /home/cce29555/actions-runner/actions-runner/.credentials_rsaparams
[2025-03-16 03:57:15Z INFO GitHubActionsService] AAD Correlation ID for this token request: Unknown
[2025-03-16 03:57:16Z INFO JobDispatcher] Job request 0 for plan 86bcb461-7354-4bcf-852d-692fd0f5bda6 job d7c93d24-e323-5a40-9a3e-5e6b02a6219b received.
[2025-03-16 03:57:16Z INFO MessageListener] Received job status event. JobState: Busy
[2025-03-16 03:57:16Z INFO MessageListener] _getMessagesTokenSource is already disposed.
[2025-03-16 03:57:16Z INFO Terminal] WRITE LINE: 2025-03-16 03:57:16Z: Running job: deploy
[2025-03-16 03:57:16Z INFO JobDispatcher] Start renew job request 0 for job d7c93d24-e323-5a40-9a3e-5e6b02a6219b.
[2025-03-16 03:57:16Z INFO JobDispatcher] Successfully renew job d7c93d24-e323-5a40-9a3e-5e6b02a6219b, job is valid till 16/03/2025 04:07:16
[2025-03-16 03:57:16Z INFO HostContext] Well known directory 'Bin': '/home/cce29555/actions-runner/actions-runner/bin'
[2025-03-16 03:57:16Z INFO ProcessInvokerWrapper] Starting process:
[2025-03-16 03:57:16Z INFO ProcessInvokerWrapper]   File name: '/home/cce29555/actions-runner/actions-runner/bin/Runner.Worker'
[2025-03-16 03:57:16Z INFO ProcessInvokerWrapper]   Arguments: 'spawnclient 111 114'
[2025-03-16 03:57:16Z INFO ProcessInvokerWrapper]   Working directory: '/home/cce29555/actions-runner/actions-runner/bin'
[2025-03-16 03:57:16Z INFO ProcessInvokerWrapper]   Require exit code zero: 'False'
[2025-03-16 03:57:16Z INFO ProcessInvokerWrapper]   Encoding web name:  ; code page: ''
[2025-03-16 03:57:16Z INFO ProcessInvokerWrapper]   Force kill process on cancellation: 'True'
[2025-03-16 03:57:16Z INFO ProcessInvokerWrapper]   Redirected STDIN: 'False'
[2025-03-16 03:57:16Z INFO ProcessInvokerWrapper]   Persist current code page: 'False'
[2025-03-16 03:57:16Z INFO ProcessInvokerWrapper]   Keep redirected STDIN open: 'False'
[2025-03-16 03:57:16Z INFO ProcessInvokerWrapper]   High priority process: 'True'
[2025-03-16 03:57:16Z INFO ProcessInvokerWrapper] Process started with process id 28488, waiting for process exit.
[2025-03-16 03:57:16Z INFO JobDispatcher] Send job request message to worker for job d7c93d24-e323-5a40-9a3e-5e6b02a6219b.
[2025-03-16 03:57:16Z INFO ProcessChannel] Sending message of length 18898, with hash 'b2a85aff96b599c4583a58af1cf0e61d9f8b68fdfec696b5ff1164813ad8e8de'
[2025-03-16 03:57:16Z INFO JobNotification] Entering JobStarted Notification
[2025-03-16 03:57:16Z INFO JobNotification] Entering StartMonitor
[2025-03-16 03:57:17Z INFO MessageListener] BrokerMigration message received. Polling Broker for messages...
[2025-03-16 03:57:36Z INFO ProcessInvokerWrapper] STDOUT/STDERR stream read finished.
[2025-03-16 03:57:36Z INFO ProcessInvokerWrapper] STDOUT/STDERR stream read finished.
[2025-03-16 03:57:36Z INFO ProcessInvokerWrapper] Finished process 28488 with exit code 100, and elapsed time 00:00:19.9789560.
[2025-03-16 03:57:36Z INFO JobDispatcher] Worker finished for job d7c93d24-e323-5a40-9a3e-5e6b02a6219b. Code: 100
[2025-03-16 03:57:36Z INFO JobDispatcher] finish job request for job d7c93d24-e323-5a40-9a3e-5e6b02a6219b with result: Succeeded
[2025-03-16 03:57:36Z INFO Terminal] WRITE LINE: 2025-03-16 03:57:36Z: Job deploy completed with result: Succeeded
[2025-03-16 03:57:36Z INFO JobDispatcher] Stop renew job request for job d7c93d24-e323-5a40-9a3e-5e6b02a6219b.
[2025-03-16 03:57:36Z INFO JobDispatcher] job renew has been cancelled, stop renew job d7c93d24-e323-5a40-9a3e-5e6b02a6219b.
[2025-03-16 03:57:36Z INFO JobNotification] Entering JobCompleted Notification
[2025-03-16 03:57:36Z INFO JobNotification] Entering EndMonitor
[2025-03-16 03:57:36Z INFO MessageListener] Received job status event. JobState: Online
[2025-03-16 03:58:07Z INFO MessageListener] BrokerMigration message received. Polling Broker for messages...
[2025-03-16 03:58:57Z INFO MessageListener] BrokerMigration message received. Polling Broker for messages...
[2025-03-16 03:59:48Z INFO MessageListener] BrokerMigration message received. Polling Broker for messages...
[2025-03-16 04:00:38Z INFO MessageListener] BrokerMigration message received. Polling Broker for messages...
[2025-03-16 04:01:28Z INFO MessageListener] BrokerMigration message received. Polling Broker for messages...
[2025-03-16 04:02:18Z INFO MessageListener] BrokerMigration message received. Polling Broker for messages...
[2025-03-16 04:03:08Z INFO MessageListener] BrokerMigration message received. Polling Broker for messages...
[2025-03-16 04:03:58Z INFO MessageListener] BrokerMigration message received. Polling Broker for messages...
[2025-03-16 04:04:49Z INFO MessageListener] BrokerMigration message received. Polling Broker for messages...
[2025-03-16 04:05:39Z INFO MessageListener] BrokerMigration message received. Polling Broker for messages...
[2025-03-16 04:06:29Z INFO MessageListener] BrokerMigration message received. Polling Broker for messages...
[2025-03-16 04:07:19Z INFO MessageListener] BrokerMigration message received. Polling Broker for messages...
[2025-03-16 04:08:09Z INFO MessageListener] BrokerMigration message received. Polling Broker for messages...
[2025-03-16 04:08:59Z INFO MessageListener] BrokerMigration message received. Polling Broker for messages...
