[2025-03-16 03:41:26Z INFO HostContext] No proxy settings were found based on environmental variables (http_proxy/https_proxy/HTTP_PROXY/HTTPS_PROXY)
[2025-03-16 03:41:26Z INFO HostContext] Well known directory 'Bin': '/home/cce29555/actions-runner/actions-runner/bin'
[2025-03-16 03:41:26Z INFO HostContext] Well known directory 'Root': '/home/cce29555/actions-runner/actions-runner'
[2025-03-16 03:41:26Z INFO HostContext] Well known config file 'Credentials': '/home/cce29555/actions-runner/actions-runner/.credentials'
[2025-03-16 03:41:26Z INFO HostContext] Well known directory 'Bin': '/home/cce29555/actions-runner/actions-runner/bin'
[2025-03-16 03:41:26Z INFO HostContext] Well known directory 'Root': '/home/cce29555/actions-runner/actions-runner'
[2025-03-16 03:41:26Z INFO HostContext] Well known config file 'Runner': '/home/cce29555/actions-runner/actions-runner/.runner'
[2025-03-16 03:41:26Z INFO Listener] Runner is built for Linux (Arm64) - linux-arm64.
[2025-03-16 03:41:26Z INFO Listener] RuntimeInformation: Linux 6.6.51+rpt-rpi-v8 #1 SMP PREEMPT Debian 1:6.6.51-1+rpt3 (2024-10-08).
[2025-03-16 03:41:26Z INFO Listener] Version: 2.320.1
[2025-03-16 03:41:26Z INFO Listener] Commit: 8f4aa897bdc1d97e101bb42ea776a62cd31ef5b3
[2025-03-16 03:41:26Z INFO Listener] Culture: en-GB
[2025-03-16 03:41:26Z INFO Listener] UI Culture: en-GB
[2025-03-16 03:41:26Z INFO HostContext] Well known directory 'Bin': '/home/cce29555/actions-runner/actions-runner/bin'
[2025-03-16 03:41:26Z INFO HostContext] Well known directory 'Root': '/home/cce29555/actions-runner/actions-runner'
[2025-03-16 03:41:26Z INFO Listener] Validating directory permissions for: '/home/cce29555/actions-runner/actions-runner'
[2025-03-16 03:41:26Z INFO CommandLineParser] Parse
[2025-03-16 03:41:26Z INFO CommandLineParser] Parsing 5 args
[2025-03-16 03:41:26Z INFO CommandLineParser] parsing argument
[2025-03-16 03:41:27Z INFO CommandLineParser] HasArgs: False
[2025-03-16 03:41:27Z INFO CommandLineParser] Adding Command: configure
[2025-03-16 03:41:27Z INFO CommandLineParser] parsing argument
[2025-03-16 03:41:27Z INFO CommandLineParser] HasArgs: True
[2025-03-16 03:41:27Z INFO CommandLineParser] arg: url
[2025-03-16 03:41:27Z INFO CommandLineParser] parsing argument
[2025-03-16 03:41:27Z INFO CommandLineParser] HasArgs: True
[2025-03-16 03:41:27Z INFO CommandLineParser] Adding option 'url': 'https://github.com/cce2955/rpi-terraform-deploy'
[2025-03-16 03:41:27Z INFO CommandLineParser] parsing argument
[2025-03-16 03:41:27Z INFO CommandLineParser] HasArgs: True
[2025-03-16 03:41:27Z INFO CommandLineParser] arg: token
[2025-03-16 03:41:27Z INFO CommandLineParser] parsing argument
[2025-03-16 03:41:27Z INFO CommandLineParser] HasArgs: True
[2025-03-16 03:41:27Z INFO CommandLineParser] Adding option 'token': '***'
[2025-03-16 03:41:27Z INFO Listener] Arguments parsed
[2025-03-16 03:41:27Z INFO Runner] ExecuteCommand
[2025-03-16 03:41:27Z INFO ConfigurationStore] currentAssemblyLocation: /home/cce29555/actions-runner/actions-runner/bin/Runner.Listener.dll
[2025-03-16 03:41:27Z INFO HostContext] Well known directory 'Bin': '/home/cce29555/actions-runner/actions-runner/bin'
[2025-03-16 03:41:27Z INFO ConfigurationStore] binPath: /home/cce29555/actions-runner/actions-runner/bin
[2025-03-16 03:41:27Z INFO HostContext] Well known directory 'Bin': '/home/cce29555/actions-runner/actions-runner/bin'
[2025-03-16 03:41:27Z INFO HostContext] Well known directory 'Root': '/home/cce29555/actions-runner/actions-runner'
[2025-03-16 03:41:27Z INFO ConfigurationStore] RootFolder: /home/cce29555/actions-runner/actions-runner
[2025-03-16 03:41:27Z INFO HostContext] Well known directory 'Bin': '/home/cce29555/actions-runner/actions-runner/bin'
[2025-03-16 03:41:27Z INFO HostContext] Well known directory 'Root': '/home/cce29555/actions-runner/actions-runner'
[2025-03-16 03:41:27Z INFO HostContext] Well known config file 'Runner': '/home/cce29555/actions-runner/actions-runner/.runner'
[2025-03-16 03:41:27Z INFO ConfigurationStore] ConfigFilePath: /home/cce29555/actions-runner/actions-runner/.runner
[2025-03-16 03:41:27Z INFO HostContext] Well known directory 'Bin': '/home/cce29555/actions-runner/actions-runner/bin'
[2025-03-16 03:41:27Z INFO HostContext] Well known directory 'Root': '/home/cce29555/actions-runner/actions-runner'
[2025-03-16 03:41:27Z INFO HostContext] Well known config file 'Credentials': '/home/cce29555/actions-runner/actions-runner/.credentials'
[2025-03-16 03:41:27Z INFO ConfigurationStore] CredFilePath: /home/cce29555/actions-runner/actions-runner/.credentials
[2025-03-16 03:41:27Z INFO HostContext] Well known directory 'Bin': '/home/cce29555/actions-runner/actions-runner/bin'
[2025-03-16 03:41:27Z INFO HostContext] Well known directory 'Root': '/home/cce29555/actions-runner/actions-runner'
[2025-03-16 03:41:27Z INFO HostContext] Well known config file 'MigratedCredentials': '/home/cce29555/actions-runner/actions-runner/.credentials_migrated'
[2025-03-16 03:41:27Z INFO ConfigurationStore] MigratedCredFilePath: /home/cce29555/actions-runner/actions-runner/.credentials_migrated
[2025-03-16 03:41:27Z INFO HostContext] Well known directory 'Bin': '/home/cce29555/actions-runner/actions-runner/bin'
[2025-03-16 03:41:27Z INFO HostContext] Well known directory 'Root': '/home/cce29555/actions-runner/actions-runner'
[2025-03-16 03:41:27Z INFO HostContext] Well known config file 'Service': '/home/cce29555/actions-runner/actions-runner/.service'
[2025-03-16 03:41:27Z INFO ConfigurationStore] ServiceConfigFilePath: /home/cce29555/actions-runner/actions-runner/.service
[2025-03-16 03:41:27Z INFO CommandSettings] Flag 'help': 'False'
[2025-03-16 03:41:27Z INFO CommandSettings] Flag 'version': 'False'
[2025-03-16 03:41:27Z INFO CommandSettings] Flag 'commit': 'False'
[2025-03-16 03:41:27Z INFO CommandSettings] Flag 'check': 'False'
[2025-03-16 03:41:27Z INFO CommandSettings] Command 'configure': 'True'
[2025-03-16 03:41:28Z INFO Terminal] WRITE LINE: 
[2025-03-16 03:41:28Z INFO Terminal] WRITE LINE: --------------------------------------------------------------------------------
[2025-03-16 03:41:28Z INFO Terminal] WRITE LINE: |        ____ _ _   _   _       _          _        _   _                      |
[2025-03-16 03:41:28Z INFO Terminal] WRITE LINE: |       / ___(_) |_| | | |_   _| |__      / \   ___| |_(_) ___  _ __  ___      |
[2025-03-16 03:41:28Z INFO Terminal] WRITE LINE: |      | |  _| | __| |_| | | | | '_ \    / _ \ / __| __| |/ _ \| '_ \/ __|     |
[2025-03-16 03:41:28Z INFO Terminal] WRITE LINE: |      | |_| | | |_|  _  | |_| | |_) |  / ___ \ (__| |_| | (_) | | | \__ \     |
[2025-03-16 03:41:28Z INFO Terminal] WRITE LINE: |       \____|_|\__|_| |_|\__,_|_.__/  /_/   \_\___|\__|_|\___/|_| |_|___/     |
[2025-03-16 03:41:28Z INFO Terminal] WRITE LINE: |                                                                              |
[2025-03-16 03:41:28Z INFO Terminal] WRITE: |                       
[2025-03-16 03:41:28Z INFO Terminal] WRITE: Self-hosted runner registration
[2025-03-16 03:41:28Z INFO Terminal] WRITE LINE:                         |
[2025-03-16 03:41:28Z INFO Terminal] WRITE LINE: |                                                                              |
[2025-03-16 03:41:28Z INFO Terminal] WRITE LINE: --------------------------------------------------------------------------------
[2025-03-16 03:41:28Z INFO ConfigurationManager] ConfigureAsync
[2025-03-16 03:41:28Z INFO CommandSettings] Flag 'generateServiceConfig': 'False'
[2025-03-16 03:41:28Z INFO ConfigurationStore] IsConfigured()
[2025-03-16 03:41:28Z INFO ConfigurationStore] IsConfigured: False
[2025-03-16 03:41:28Z INFO ConfigurationManager] Is configured: False
[2025-03-16 03:41:28Z INFO CommandSettings] Arg 'url': 'https://github.com/cce2955/rpi-terraform-deploy'
[2025-03-16 03:41:28Z INFO CommandSettings] Remove url from Arg dictionary.
[2025-03-16 03:41:28Z INFO CommandSettings] Arg 'token': '***'
[2025-03-16 03:41:28Z INFO CommandSettings] Remove token from Arg dictionary.
[2025-03-16 03:41:34Z ERR  ConfigurationManager] Failed to get tenant credentials -- Attempt: 1
[2025-03-16 03:41:34Z ERR  ConfigurationManager] System.Net.Http.HttpRequestException: An error occurred while sending the request.
 ---> System.IO.IOException: The response ended prematurely.
   at System.Net.Http.HttpConnection.SendAsyncCore(HttpRequestMessage request, Boolean async, CancellationToken cancellationToken)
   --- End of inner exception stack trace ---
   at System.Net.Http.HttpConnection.SendAsyncCore(HttpRequestMessage request, Boolean async, CancellationToken cancellationToken)
   at System.Net.Http.HttpConnectionPool.SendWithVersionDetectionAndRetryAsync(HttpRequestMessage request, Boolean async, Boolean doRequestAuth, CancellationToken cancellationToken)
   at System.Net.Http.RedirectHandler.SendAsync(HttpRequestMessage request, Boolean async, CancellationToken cancellationToken)
   at System.Net.Http.HttpClient.<SendAsync>g__Core|83_0(HttpRequestMessage request, HttpCompletionOption completionOption, CancellationTokenSource cts, Boolean disposeCts, CancellationTokenSource pendingRequestsCts, CancellationToken originalCancellationToken)
   at GitHub.Runner.Listener.Configuration.ConfigurationManager.GetTenantCredential(String githubUrl, String githubToken, String runnerEvent)
[2025-03-16 03:41:34Z ERR  ConfigurationManager] #####################################################
[2025-03-16 03:41:34Z ERR  ConfigurationManager] System.IO.IOException: The response ended prematurely.
   at System.Net.Http.HttpConnection.SendAsyncCore(HttpRequestMessage request, Boolean async, CancellationToken cancellationToken)
[2025-03-16 03:41:34Z INFO ConfigurationManager] Retrying in 2 seconds
[2025-03-16 03:41:36Z INFO ConfigurationManager] Http response code: OK from 'POST https://api.github.com/actions/runner-registration' (B842:2D56AC:1A6BAC6:357E3E4:67D64870)
[2025-03-16 03:41:37Z INFO ConfigurationManager] Using V2 flow: False
[2025-03-16 03:41:37Z INFO ConfigurationManager] cred retrieved via GitHub auth
[2025-03-16 03:41:37Z INFO RunnerServer] EstablishVssConnection
[2025-03-16 03:41:37Z INFO RunnerServer] Establish connection with 100 seconds timeout.
[2025-03-16 03:41:37Z INFO GitHubActionsService] Starting operation Location.GetConnectionData
[2025-03-16 03:41:37Z INFO RunnerServer] EstablishVssConnection
[2025-03-16 03:41:37Z INFO RunnerServer] Establish connection with 60 seconds timeout.
[2025-03-16 03:41:37Z INFO GitHubActionsService] Starting operation Location.GetConnectionData
[2025-03-16 03:41:37Z INFO RunnerServer] EstablishVssConnection
[2025-03-16 03:41:37Z INFO RunnerServer] Establish connection with 60 seconds timeout.
[2025-03-16 03:41:37Z INFO GitHubActionsService] Starting operation Location.GetConnectionData
[2025-03-16 03:41:37Z INFO GitHubActionsService] Finished operation Location.GetConnectionData
[2025-03-16 03:41:37Z INFO GitHubActionsService] Finished operation Location.GetConnectionData
[2025-03-16 03:41:37Z INFO GitHubActionsService] Finished operation Location.GetConnectionData
[2025-03-16 03:41:38Z INFO Terminal] WRITE LINE: 
[2025-03-16 03:41:38Z INFO ConfigurationManager] Test Connection complete.
[2025-03-16 03:41:38Z INFO HostContext] Well known directory 'Bin': '/home/cce29555/actions-runner/actions-runner/bin'
[2025-03-16 03:41:38Z INFO HostContext] Well known directory 'Root': '/home/cce29555/actions-runner/actions-runner'
[2025-03-16 03:41:38Z INFO HostContext] Well known config file 'RSACredentials': '/home/cce29555/actions-runner/actions-runner/.credentials_rsaparams'
[2025-03-16 03:41:38Z INFO RSAFileKeyManager] Creating new RSA key using 2048-bit key length
[2025-03-16 03:41:40Z INFO RSAFileKeyManager] Successfully saved RSA key parameters to file /home/cce29555/actions-runner/actions-runner/.credentials_rsaparams
[2025-03-16 03:41:40Z INFO RSAFileKeyManager] Which2: 'chmod'
[2025-03-16 03:41:40Z INFO RSAFileKeyManager] Location: '/usr/bin/chmod'
[2025-03-16 03:41:40Z INFO HostContext] Well known directory 'Bin': '/home/cce29555/actions-runner/actions-runner/bin'
[2025-03-16 03:41:40Z INFO HostContext] Well known directory 'Root': '/home/cce29555/actions-runner/actions-runner'
[2025-03-16 03:41:40Z INFO ProcessInvokerWrapper] Starting process:
[2025-03-16 03:41:40Z INFO ProcessInvokerWrapper]   File name: '/usr/bin/chmod'
[2025-03-16 03:41:40Z INFO ProcessInvokerWrapper]   Arguments: '600 /home/cce29555/actions-runner/actions-runner/.credentials_rsaparams'
[2025-03-16 03:41:40Z INFO ProcessInvokerWrapper]   Working directory: '/home/cce29555/actions-runner/actions-runner'
[2025-03-16 03:41:40Z INFO ProcessInvokerWrapper]   Require exit code zero: 'False'
[2025-03-16 03:41:41Z INFO ProcessInvokerWrapper]   Encoding web name:  ; code page: ''
[2025-03-16 03:41:41Z INFO ProcessInvokerWrapper]   Force kill process on cancellation: 'False'
[2025-03-16 03:41:41Z INFO ProcessInvokerWrapper]   Redirected STDIN: 'False'
[2025-03-16 03:41:41Z INFO ProcessInvokerWrapper]   Persist current code page: 'False'
[2025-03-16 03:41:41Z INFO ProcessInvokerWrapper]   Keep redirected STDIN open: 'False'
[2025-03-16 03:41:41Z INFO ProcessInvokerWrapper]   High priority process: 'False'
[2025-03-16 03:41:41Z INFO ProcessInvokerWrapper] Process started with process id 26845, waiting for process exit.
[2025-03-16 03:41:41Z INFO ProcessInvokerWrapper] STDOUT/STDERR stream read finished.
[2025-03-16 03:41:41Z INFO ProcessInvokerWrapper] STDOUT/STDERR stream read finished.
[2025-03-16 03:41:41Z INFO ProcessInvokerWrapper] Finished process 26845 with exit code 0, and elapsed time 00:00:00.0226947.
[2025-03-16 03:41:41Z INFO RSAFileKeyManager] Successfully set permissions for RSA key parameters file /home/cce29555/actions-runner/actions-runner/.credentials_rsaparams
[2025-03-16 03:41:41Z INFO CommandSettings] Arg 'runnergroup': ''
[2025-03-16 03:41:41Z INFO CommandSettings] Flag 'unattended': 'False'
[2025-03-16 03:41:41Z INFO PromptManager] ReadValue
[2025-03-16 03:41:41Z INFO Terminal] WRITE: Enter the name of the runner group to add this runner to: 
[2025-03-16 03:41:41Z INFO Terminal] WRITE: [press Enter for Default] 
[2025-03-16 03:41:41Z INFO Terminal] READ LINE
[2025-03-16 03:41:47Z INFO Terminal] Read value: ''
[2025-03-16 03:41:47Z INFO PromptManager] Falling back to the default: 'Default'
[2025-03-16 03:41:47Z INFO Terminal] WRITE LINE: 
[2025-03-16 03:41:47Z INFO ConfigurationManager] Found a self-hosted runner group with id 1 and name Default
[2025-03-16 03:41:47Z INFO CommandSettings] Flag 'disableupdate': 'False'
[2025-03-16 03:41:47Z INFO CommandSettings] Flag 'ephemeral': 'False'
[2025-03-16 03:41:47Z INFO CommandSettings] Arg 'name': ''
[2025-03-16 03:41:47Z INFO CommandSettings] Flag 'unattended': 'False'
[2025-03-16 03:41:47Z INFO PromptManager] ReadValue
[2025-03-16 03:41:47Z INFO Terminal] WRITE: Enter the name of runner: 
[2025-03-16 03:41:47Z INFO Terminal] WRITE: [press Enter for raspberrypi] 
[2025-03-16 03:41:47Z INFO Terminal] READ LINE
[2025-03-16 03:41:49Z INFO Terminal] Read value: ''
[2025-03-16 03:41:49Z INFO PromptManager] Falling back to the default: 'raspberrypi'
[2025-03-16 03:41:49Z INFO Terminal] WRITE LINE: 
[2025-03-16 03:41:49Z INFO CommandSettings] Arg 'labels': ''
[2025-03-16 03:41:49Z INFO CommandSettings] Flag 'unattended': 'False'
[2025-03-16 03:41:49Z INFO PromptManager] ReadValue
[2025-03-16 03:41:49Z INFO Terminal] WRITE: This runner will have the following labels: 'self-hosted', 'Linux', 'ARM64' 
Enter any additional labels (ex. label-1,label-2): 
[2025-03-16 03:41:49Z INFO Terminal] WRITE: [press Enter to skip] 
[2025-03-16 03:41:49Z INFO Terminal] READ LINE
[2025-03-16 03:41:52Z INFO Terminal] Read value: ''
[2025-03-16 03:41:52Z INFO Terminal] WRITE LINE: 
[2025-03-16 03:41:52Z INFO CommandSettings] Flag 'disableupdate': 'False'
[2025-03-16 03:41:52Z INFO CommandSettings] Flag 'no-default-labels': 'False'
[2025-03-16 03:41:52Z INFO CommandSettings] Flag 'disableupdate': 'False'
[2025-03-16 03:41:52Z INFO CommandSettings] Flag 'ephemeral': 'False'
[2025-03-16 03:41:52Z INFO ConfigurationStore] Saving OAuth credential @ /home/cce29555/actions-runner/actions-runner/.credentials
[2025-03-16 03:41:52Z INFO ConfigurationStore] Credentials Saved.
[2025-03-16 03:41:52Z INFO ConfigurationStore] HasCredentials()
[2025-03-16 03:41:52Z INFO ConfigurationStore] stored True
[2025-03-16 03:41:52Z INFO CredentialManager] GetCredentialProvider
[2025-03-16 03:41:52Z INFO CredentialManager] Creating type OAuth
[2025-03-16 03:41:52Z INFO CredentialManager] Creating credential type: OAuth
[2025-03-16 03:41:52Z INFO RSAFileKeyManager] Loading RSA key parameters from file /home/cce29555/actions-runner/actions-runner/.credentials_rsaparams
[2025-03-16 03:41:52Z INFO RunnerServer] EstablishVssConnection
[2025-03-16 03:41:52Z INFO RunnerServer] Establish connection with 100 seconds timeout.
[2025-03-16 03:41:52Z INFO GitHubActionsService] Starting operation Location.GetConnectionData
[2025-03-16 03:41:52Z INFO RunnerServer] EstablishVssConnection
[2025-03-16 03:41:52Z INFO RunnerServer] Establish connection with 60 seconds timeout.
[2025-03-16 03:41:52Z INFO GitHubActionsService] Starting operation Location.GetConnectionData
[2025-03-16 03:41:52Z INFO RunnerServer] EstablishVssConnection
[2025-03-16 03:41:52Z INFO RunnerServer] Establish connection with 60 seconds timeout.
[2025-03-16 03:41:53Z INFO GitHubActionsService] Starting operation Location.GetConnectionData
[2025-03-16 03:41:53Z INFO GitHubActionsService] Finished operation Location.GetConnectionData
[2025-03-16 03:41:53Z INFO GitHubActionsService] Finished operation Location.GetConnectionData
[2025-03-16 03:41:53Z INFO GitHubActionsService] Finished operation Location.GetConnectionData
[2025-03-16 03:41:53Z INFO RSAFileKeyManager] Loading RSA key parameters from file /home/cce29555/actions-runner/actions-runner/.credentials_rsaparams
[2025-03-16 03:41:53Z INFO RSAFileKeyManager] Loading RSA key parameters from file /home/cce29555/actions-runner/actions-runner/.credentials_rsaparams
[2025-03-16 03:41:54Z INFO GitHubActionsService] AAD Correlation ID for this token request: Unknown
[2025-03-16 03:41:54Z INFO CommandSettings] Arg 'work': ''
[2025-03-16 03:41:54Z INFO CommandSettings] Flag 'unattended': 'False'
[2025-03-16 03:41:54Z INFO PromptManager] ReadValue
[2025-03-16 03:41:54Z INFO Terminal] WRITE: Enter name of work folder: 
[2025-03-16 03:41:54Z INFO Terminal] WRITE: [press Enter for _work] 
[2025-03-16 03:41:54Z INFO Terminal] READ LINE
[2025-03-16 03:41:56Z INFO Terminal] Read value: ''
[2025-03-16 03:41:56Z INFO PromptManager] Falling back to the default: '_work'
[2025-03-16 03:41:56Z INFO ConfigurationStore] Saving runner settings.
[2025-03-16 03:41:56Z INFO ConfigurationStore] Settings Saved.
[2025-03-16 03:41:56Z INFO Terminal] WRITE LINE: 
[2025-03-16 03:41:56Z INFO Terminal] WRITE LINE: 
[2025-03-16 03:41:56Z INFO SystemDControlManager] Service name 'actions.runner.cce2955-rpi-terraform-deploy.raspberrypi.service' display name 'GitHub Actions Runner (cce2955-rpi-terraform-deploy.raspberrypi)' will be used for service configuration.
[2025-03-16 03:41:56Z INFO HostContext] Well known directory 'Bin': '/home/cce29555/actions-runner/actions-runner/bin'
[2025-03-16 03:41:56Z INFO HostContext] Well known directory 'Root': '/home/cce29555/actions-runner/actions-runner'
[2025-03-16 03:41:56Z INFO HostContext] Well known directory 'Bin': '/home/cce29555/actions-runner/actions-runner/bin'
[2025-03-16 03:41:56Z INFO HostContext] Well known directory 'Bin': '/home/cce29555/actions-runner/actions-runner/bin'
[2025-03-16 03:41:56Z INFO HostContext] Well known directory 'Root': '/home/cce29555/actions-runner/actions-runner'
[2025-03-16 03:41:56Z INFO UnixUtil] Which2: 'chmod'
[2025-03-16 03:41:56Z INFO UnixUtil] Location: '/usr/bin/chmod'
[2025-03-16 03:41:56Z INFO UnixUtil] Running /usr/bin/chmod 755 "/home/cce29555/actions-runner/actions-runner/svc.sh"
[2025-03-16 03:41:56Z INFO ProcessInvokerWrapper] Starting process:
[2025-03-16 03:41:56Z INFO ProcessInvokerWrapper]   File name: '/usr/bin/chmod'
[2025-03-16 03:41:56Z INFO ProcessInvokerWrapper]   Arguments: '755 "/home/cce29555/actions-runner/actions-runner/svc.sh"'
[2025-03-16 03:41:56Z INFO ProcessInvokerWrapper]   Working directory: '/home/cce29555/actions-runner/actions-runner'
[2025-03-16 03:41:56Z INFO ProcessInvokerWrapper]   Require exit code zero: 'True'
[2025-03-16 03:41:56Z INFO ProcessInvokerWrapper]   Encoding web name:  ; code page: ''
[2025-03-16 03:41:56Z INFO ProcessInvokerWrapper]   Force kill process on cancellation: 'False'
[2025-03-16 03:41:56Z INFO ProcessInvokerWrapper]   Redirected STDIN: 'False'
[2025-03-16 03:41:56Z INFO ProcessInvokerWrapper]   Persist current code page: 'False'
[2025-03-16 03:41:56Z INFO ProcessInvokerWrapper]   Keep redirected STDIN open: 'False'
[2025-03-16 03:41:56Z INFO ProcessInvokerWrapper]   High priority process: 'False'
[2025-03-16 03:41:56Z INFO ProcessInvokerWrapper] Updated oom_score_adj to 500 for PID: 26848.
[2025-03-16 03:41:56Z INFO ProcessInvokerWrapper] Process started with process id 26848, waiting for process exit.
[2025-03-16 03:41:56Z INFO ProcessInvokerWrapper] STDOUT/STDERR stream read finished.
[2025-03-16 03:41:56Z INFO ProcessInvokerWrapper] STDOUT/STDERR stream read finished.
[2025-03-16 03:41:56Z INFO ProcessInvokerWrapper] Finished process 26848 with exit code 0, and elapsed time 00:00:00.0021834.
[2025-03-16 03:41:56Z INFO Listener] Runner execution has finished with return code 0
